c:\users\user\desktop\projects\multistation\imageprocessing\objects\debug\x64\vc143.pdb
c:\users\user\desktop\projects\multistation\imageprocessing\objects\debug\x64\vc143.idb
c:\users\user\desktop\projects\multistation\imageprocessing\objects\debug\x64\testlinedetector.obj
c:\users\user\desktop\projects\multistation\imageprocessing\objects\debug\x64\testall.obj
c:\users\user\desktop\projects\multistation\imageprocessing\objects\debug\x64\main.obj
c:\users\user\desktop\projects\multistation\imageprocessing\objects\debug\x64\extras.obj
c:\users\user\desktop\projects\multistation\imageprocessing\objects\debug\x64\converters.obj
c:\users\user\desktop\projects\multistation\imageprocessing\objects\debug\x64\saltandpeppernoise.obj
c:\users\user\desktop\projects\multistation\imageprocessing\objects\debug\x64\sobelmask.obj
c:\users\user\desktop\projects\multistation\imageprocessing\objects\debug\x64\robinsonmask.obj
c:\users\user\desktop\projects\multistation\imageprocessing\objects\debug\x64\robertsmask.obj
c:\users\user\desktop\projects\multistation\imageprocessing\objects\debug\x64\prewittmask.obj
c:\users\user\desktop\projects\multistation\imageprocessing\objects\debug\x64\kirschmask.obj
c:\users\user\desktop\projects\multistation\imageprocessing\objects\debug\x64\masks.obj
c:\users\user\desktop\projects\multistation\imageprocessing\objects\debug\x64\linedetectionmask.obj
c:\users\user\desktop\projects\multistation\imageprocessing\objects\debug\x64\laplacemask.obj
c:\users\user\desktop\projects\multistation\imageprocessing\objects\debug\x64\convolution.obj
c:\users\user\desktop\projects\multistation\imageprocessing\objects\debug\x64\highpassspatialmask.obj
c:\users\user\desktop\projects\multistation\imageprocessing\objects\debug\x64\lowpassspatialmask.obj
c:\users\user\desktop\projects\multistation\imageprocessing\objects\debug\x64\pixelbuffer.obj
c:\users\user\desktop\projects\multistation\imageprocessing\objects\debug\x64\binarization.obj
c:\users\user\desktop\projects\multistation\imageprocessing\objects\debug\x64\gausianoise.obj
c:\users\user\desktop\projects\multistation\imageprocessing\application\debug\x64\imageprocessing.exe
c:\users\user\desktop\projects\multistation\imageprocessing\application\debug\x64\imageprocessing.pdb
c:\users\user\desktop\projects\multistation\imageprocessing\objects\debug\x64\imageprocessing.ilk
c:\users\user\desktop\projects\multistation\imageprocessing\objects\debug\x64\blur.obj
c:\users\user\desktop\projects\multistation\imageprocessing\objects\debug\x64\gammatransform.obj
c:\users\user\desktop\projects\multistation\imageprocessing\objects\debug\x64\histogram.obj
c:\users\user\desktop\projects\multistation\imageprocessing\objects\debug\x64\inverse.obj
c:\users\user\desktop\projects\multistation\imageprocessing\objects\debug\x64\linedetection.obj
c:\users\user\desktop\projects\multistation\imageprocessing\objects\debug\x64\operations.obj
c:\users\user\desktop\projects\multistation\imageprocessing\objects\debug\x64\rotation.obj
c:\users\user\desktop\projects\multistation\imageprocessing\objects\debug\x64\sepia.obj
c:\users\user\desktop\projects\multistation\imageprocessing\objects\debug\x64\imageprocessing.vcxproj.filelistabsolute.txt
c:\users\user\desktop\projects\multistation\imageprocessing\objects\debug\x64\imageprocessing.tlog\cl.command.1.tlog
c:\users\user\desktop\projects\multistation\imageprocessing\objects\debug\x64\imageprocessing.tlog\cl.items.tlog
c:\users\user\desktop\projects\multistation\imageprocessing\objects\debug\x64\imageprocessing.tlog\cl.read.1.tlog
c:\users\user\desktop\projects\multistation\imageprocessing\objects\debug\x64\imageprocessing.tlog\cl.write.1.tlog
c:\users\user\desktop\projects\multistation\imageprocessing\objects\debug\x64\imageprocessing.tlog\link.command.1.tlog
c:\users\user\desktop\projects\multistation\imageprocessing\objects\debug\x64\imageprocessing.tlog\link.read.1.tlog
c:\users\user\desktop\projects\multistation\imageprocessing\objects\debug\x64\imageprocessing.tlog\link.secondary.1.tlog
c:\users\user\desktop\projects\multistation\imageprocessing\objects\debug\x64\imageprocessing.tlog\link.write.1.tlog
