  IComponentArray.cpp
  Entity.cpp
  ISystem.cpp
  main.cpp
  Registry.cpp
  ManagerControlBlock.cpp
  Generating Code...
  ECS.vcxproj -> C:\Users\User\Desktop\Projects\MultiStation\ECS\Library\Debug\x64\ECS.exe
  C:/Users/User/Desktop/Projects/MultiStation/ECS/Source/ISystem/ISystem.hpp:8: warning: Compound MultiStation::ISystem is not documented.
  Doxygen version used: 1.15.0 (7cca38ba5185457e6d9495bf963d4cdeacebc25a)
  Searching for include files...
  Searching for example files...
  Searching for images...
  Searching for dot files...
  Searching for msc files...
  Searching for dia files...
  Searching for plantuml files...
  Searching for files to exclude
  Searching INPUT for files to process...
  Searching for files in directory C:/Users/User/Desktop/Projects/MultiStation/ECS/Source/
  Searching for files in directory C:/Users/User/Desktop/Projects/MultiStation/ECS/Source/ComponentArray
  Searching for files in directory C:/Users/User/Desktop/Projects/MultiStation/ECS/Source/Entity
  Searching for files in directory C:/Users/User/Desktop/Projects/MultiStation/ECS/Source/ISystem
  Searching for files in directory C:/Users/User/Desktop/Projects/MultiStation/ECS/Source/ManagerControlBlock
  Searching for files in directory C:/Users/User/Desktop/Projects/MultiStation/ECS/Source/Registry
  Searching for files in directory C:/Users/User/Desktop/Projects/MultiStation/ECS/Source/SceneManager
  Reading and parsing tag files
  Parsing files
  Preprocessing C:/Users/User/Desktop/Projects/MultiStation/ECS/Source/ComponentArray/ComponentArray.hpp...
  Parsing file C:/Users/User/Desktop/Projects/MultiStation/ECS/Source/ComponentArray/ComponentArray.hpp...
  Preprocessing C:/Users/User/Desktop/Projects/MultiStation/ECS/Source/ComponentArray/IComponentArray.hpp...
  Parsing file C:/Users/User/Desktop/Projects/MultiStation/ECS/Source/ComponentArray/IComponentArray.hpp...
  Preprocessing C:/Users/User/Desktop/Projects/MultiStation/ECS/Source/Entity/Entity.hpp...
  Parsing file C:/Users/User/Desktop/Projects/MultiStation/ECS/Source/Entity/Entity.hpp...
  Preprocessing C:/Users/User/Desktop/Projects/MultiStation/ECS/Source/ISystem/ISystem.hpp...
  Parsing file C:/Users/User/Desktop/Projects/MultiStation/ECS/Source/ISystem/ISystem.hpp...
  Preprocessing C:/Users/User/Desktop/Projects/MultiStation/ECS/Source/ManagerControlBlock/ManagerControlBlock.hpp...
  Parsing file C:/Users/User/Desktop/Projects/MultiStation/ECS/Source/ManagerControlBlock/ManagerControlBlock.hpp...
  Preprocessing C:/Users/User/Desktop/Projects/MultiStation/ECS/Source/Registry/Registry.hpp...
  Parsing file C:/Users/User/Desktop/Projects/MultiStation/ECS/Source/Registry/Registry.hpp...
  Preprocessing C:/Users/User/Desktop/Projects/MultiStation/ECS/Source/SceneManager/SceneManager.hpp...
  Parsing file C:/Users/User/Desktop/Projects/MultiStation/ECS/Source/SceneManager/SceneManager.hpp...
  Building macro definition list...
  Building group list...
  Building directory list...
  Building namespace list...
  Building file list...
  Building class list...
  Building concept list...
  Computing nesting relations for classes...
  Associating documentation with classes...
  Associating documentation with concepts...
  Associating documentation with modules...
  Building example list...
  Searching for enumerations...
  Searching for documented typedefs...
  Searching for members imported via using declarations...
  Searching for included using directives...
  Searching for documented variables...
  Building interface member list...
  Building member list...
  Searching for friends...
  Searching for documented defines...
  Computing class inheritance relations...
  Computing class usage relations...
  Flushing cached template relations that have become invalid...
  Warn for undocumented namespaces...
  Computing class relations...
  Add enum values to enums...
  Searching for member function documentation...
  Creating members for template instances...
  Building page list...
  Search for main page...
  Computing page relations...
  Determining the scope of groups...
  Computing module relations...
  Sorting lists...
  Determining which enums are documented
  Computing member relations...
  Building full member lists recursively...
  Adding members to member groups.
  Computing member references...
  Inheriting documentation...
  Generating disk names...
  Adding source references...
  Adding xrefitems...
  Sorting member lists...
  Setting anonymous enum type...
  Computing dependencies between directories...
  Generating citations page...
  Counting members...
  C:/Users/User/Desktop/Projects/MultiStation/ECS/Source/ManagerControlBlock/ManagerControlBlock.hpp:12: warning: Compound MultiStation::ManagerControlBlock is not documented.
  C:/Users/User/Desktop/Projects/MultiStation/ECS/Source/SceneManager/SceneManager.hpp:12: warning: Compound MultiStation::SceneManager is not documented.
  C:/Users/User/Desktop/Projects/MultiStation/ECS/Source/SceneManager/SceneManager.hpp:14: warning: Compound MultiStation::SceneManager::ManagerInfo is not documented.
  C:/Users/User/Desktop/Projects/MultiStation/ECS/Source/Registry/Registry.hpp:11: warning: Unsupported xml/html tag <T> found
  'epstopdf' is not recognized as an internal or external command,
  operable program or batch file.
EXEC : error : Problems running epstopdf. Check your TeX installation!
  'epstopdf' is not recognized as an internal or external command,
  operable program or batch file.
  C:/Users/User/Desktop/Projects/MultiStation/ECS/Source/ISystem/ISystem.hpp:21: warning: Member ISystem(ISystem &&move) noexcept=default (function) of class MultiStation::ISystem is not documented.
  C:/Users/User/Desktop/Projects/MultiStation/ECS/Source/ISystem/ISystem.hpp:22: warning: Member operator=(ISystem &&move) noexcept=default (function) of class MultiStation::ISystem is not documented.
  C:/Users/User/Desktop/Projects/MultiStation/ECS/Source/ISystem/ISystem.hpp:27: warning: Member OnCreate(Registry *registry)=0 (function) of class MultiStation::ISystem is not documented.
  C:/Users/User/Desktop/Projects/MultiStation/ECS/Source/ISystem/ISystem.hpp:32: warning: Member OnUpdate(Registry *registry, float dt, ManagerControlBlock *controlBlock)=0 (function) of class MultiStation::ISystem is not documented.
  C:/Users/User/Desktop/Projects/MultiStation/ECS/Source/ISystem/ISystem.hpp:35: warning: Member OnDestroy(Registry *registry, ManagerControlBlock *controlBlock)=0 (function) of class MultiStation::ISystem is not documented.
  C:/Users/User/Desktop/Projects/MultiStation/ECS/Source/ISystem/ISystem.hpp:38: warning: Member GetFlags(void) const (function) of class MultiStation::ISystem is not documented.
  C:/Users/User/Desktop/Projects/MultiStation/ECS/Source/ISystem/ISystem.hpp:40: warning: Member SetFlags(uint32_t flags) (function) of class MultiStation::ISystem is not documented.
  C:/Users/User/Desktop/Projects/MultiStation/ECS/Source/ISystem/ISystem.hpp:11: warning: Member WRITABLE (variable) of class MultiStation::ISystem is not documented.
  C:/Users/User/Desktop/Projects/MultiStation/ECS/Source/ISystem/ISystem.hpp:12: warning: Member SYNCHRONIZED (variable) of class MultiStation::ISystem is not documented.
  C:/Users/User/Desktop/Projects/MultiStation/ECS/Source/ISystem/ISystem.hpp:15: warning: Member ISystem(uint32_t flags) noexcept (function) of class MultiStation::ISystem is not documented.
  C:/Users/User/Desktop/Projects/MultiStation/ECS/Source/ISystem/ISystem.hpp:44: warning: Member m_flags (variable) of class MultiStation::ISystem is not documented.
  C:/Users/User/Desktop/Projects/MultiStation/ECS/Source/ManagerControlBlock/ManagerControlBlock.hpp:23: warning: Member NextVersion() (function) of class MultiStation::ManagerControlBlock is not documented.
  C:/Users/User/Desktop/Projects/MultiStation/ECS/Source/ManagerControlBlock/ManagerControlBlock.hpp:25: warning: Member GetVersion() const (function) of class MultiStation::ManagerControlBlock is not documented.
  C:/Users/User/Desktop/Projects/MultiStation/ECS/Source/ManagerControlBlock/ManagerControlBlock.hpp:27: warning: Member SetState(ManagerState state) (function) of class MultiStation::ManagerControlBlock is not documented.
  C:/Users/User/Desktop/Projects/MultiStation/ECS/Source/ManagerControlBlock/ManagerControlBlock.hpp:29: warning: Member GetState() const (function) of class MultiStation::ManagerControlBlock is not documented.
  C:/Users/User/Desktop/Projects/MultiStation/ECS/Source/SceneManager/SceneManager.hpp:61: warning: Member GetSyncThreadsNum(void) const (function) of class MultiStation::SceneManager is not documented.
  C:/Users/User/Desktop/Projects/MultiStation/ECS/Source/SceneManager/SceneManager.hpp:62: warning: Member GetAsyncThreadsNum(void) const (function) of class MultiStation::SceneManager is not documented.
  C:/Users/User/Desktop/Projects/MultiStation/ECS/Source/SceneManager/SceneManager.hpp:64: warning: Member AssignSyncSystem(uint32_t syncThreadIndex, ISystem *system) (function) of class MultiStation::SceneManager is not documented.
  C:/Users/User/Desktop/Projects/MultiStation/ECS/Source/SceneManager/SceneManager.hpp:65: warning: Member AssignAsyncSystem(uint32_t asyncThreadIndex, ISystem *system) (function) of class MultiStation::SceneManager is not documented.
  C:/Users/User/Desktop/Projects/MultiStation/ECS/Source/SceneManager/SceneManager.hpp:67: warning: Member StartSystems(void) (function) of class MultiStation::SceneManager is not documented.
  C:/Users/User/Desktop/Projects/MultiStation/ECS/Source/SceneManager/SceneManager.hpp:68: warning: Member StopSystems(void) (function) of class MultiStation::SceneManager is not documented.
  C:/Users/User/Desktop/Projects/MultiStation/ECS/Source/SceneManager/SceneManager.hpp:50: warning: Member Create(void) noexcept (function) of class MultiStation::SceneManager is not documented.
  C:/Users/User/Desktop/Projects/MultiStation/ECS/Source/SceneManager/SceneManager.hpp:51: warning: Member Destroy(SceneManager *ptr) noexcept (function) of class MultiStation::SceneManager is not documented.
  C:/Users/User/Desktop/Projects/MultiStation/ECS/Source/SceneManager/SceneManager.hpp:15: warning: Member registry (variable) of struct MultiStation::SceneManager::ManagerInfo is not documented.
  C:/Users/User/Desktop/Projects/MultiStation/ECS/Source/SceneManager/SceneManager.hpp:17: warning: Member systems (variable) of struct MultiStation::SceneManager::ManagerInfo is not documented.
  C:/Users/User/Desktop/Projects/MultiStation/ECS/Source/SceneManager/SceneManager.hpp:19: warning: Member sharedLock (variable) of struct MultiStation::SceneManager::ManagerInfo is not documented.
  C:/Users/User/Desktop/Projects/MultiStation/ECS/Source/SceneManager/SceneManager.hpp:21: warning: Member controlBlock (variable) of struct MultiStation::SceneManager::ManagerInfo is not documented.
  C:/Users/User/Desktop/Projects/MultiStation/ECS/Source/SceneManager/SceneManager.hpp:23: warning: Member synchronized (variable) of struct MultiStation::SceneManager::ManagerInfo is not documented.
  C:/Users/User/Desktop/Projects/MultiStation/ECS/Source/SceneManager/SceneManager.hpp:25: warning: Member sharedBarrier (variable) of struct MultiStation::SceneManager::ManagerInfo is not documented.
  C:/Users/User/Desktop/Projects/MultiStation/ECS/Source/SceneManager/SceneManager.hpp:27: warning: Member syncSharedBarrier (variable) of struct MultiStation::SceneManager::ManagerInfo is not documented.
  Counting data structures...
  Resolving user defined references...
  Finding anchors and sections in the documentation...
  Transferring function references...
  Combining using relations...
  Adding members to index pages...
  Correcting members for VHDL...
  Computing tooltip texts...
  Generating style sheet...
  Generating search indices...
  Generating example documentation...
  Generating file sources...
  Generating code for file Source/ComponentArray/ComponentArray.hpp...
  Generating code for file Source/ComponentArray/IComponentArray.hpp...
  Generating code for file Source/Entity/Entity.hpp...
  Generating code for file Source/ISystem/ISystem.hpp...
  Generating code for file Source/ManagerControlBlock/ManagerControlBlock.hpp...
  Generating code for file Source/Registry/Registry.hpp...
  Generating code for file Source/SceneManager/SceneManager.hpp...
  Generating file documentation...
  Generating page documentation...
  Generating group documentation...
  Generating class documentation...
  Generating concept documentation...
  Generating module documentation...
  Generating namespace documentation...
  Generating docs for compound MultiStation::ComponentArray< T >...
  Generating docs for compound MultiStation::IComponentArray...
  Generating docs for compound MultiStation::Entity...
  Generating docs for compound MultiStation::ISystem...
  Generating docs for compound MultiStation::ManagerControlBlock...
  Generating docs for compound MultiStation::Registry...
  Generating docs for compound MultiStation::SceneManager...
  Generating docs for nested compound MultiStation::SceneManager::ManagerInfo...
  Generating graph info page...
  Generating directory documentation...
  Generating index page...
  Generating page index...
  Generating topic index...
  Generating module index...
  Generating module member index...
  Generating namespace index...
  Generating namespace member index...
  Generating concept index...
  Generating annotated compound index...
  Generating alphabetical compound index...
  Generating hierarchical class index...
  Generating member index...
  Generating file index...
  Generating file member index...
  Generating example index...
  finalizing index lists...
  writing tag file...
  Running plantuml with JAVA...
  type lookup cache used 60/65536 hits=196 misses=79
  symbol lookup cache used 217/65536 hits=1378 misses=217
  finished...
C:\Program Files\Microsoft Visual Studio\2022\Community\MSBuild\Microsoft\VC\v170\Microsoft.CppCommon.targets(166,5): error MSB3073: The command "
C:\Program Files\Microsoft Visual Studio\2022\Community\MSBuild\Microsoft\VC\v170\Microsoft.CppCommon.targets(166,5): error MSB3073: doxygen C:\Users\User\Desktop\Projects\MultiStation\ECS\\DoxyFile\Doxyfile
C:\Program Files\Microsoft Visual Studio\2022\Community\MSBuild\Microsoft\VC\v170\Microsoft.CppCommon.targets(166,5): error MSB3073: :VCEnd" exited with code -1.
