c:\users\user\desktop\projects\multistation\platform\library\debug\x64\platform.pdb
c:\users\user\desktop\projects\multistation\platform\library\debug\x64\platform.idb
c:\users\user\desktop\projects\multistation\platform\objects\debug\x64\glfwwin.obj
c:\users\user\desktop\projects\multistation\platform\objects\debug\x64\time.obj
c:\users\user\desktop\projects\multistation\platform\objects\debug\x64\bmp.obj
c:\users\user\desktop\projects\multistation\platform\objects\debug\x64\vlayout.obj
c:\users\user\desktop\projects\multistation\platform\objects\debug\x64\vbuffer.obj
c:\users\user\desktop\projects\multistation\platform\objects\debug\x64\ubuffer.obj
c:\users\user\desktop\projects\multistation\platform\objects\debug\x64\texture2dresolution.obj
c:\users\user\desktop\projects\multistation\platform\objects\debug\x64\texture2d.obj
c:\users\user\desktop\projects\multistation\platform\objects\debug\x64\vshader.obj
c:\users\user\desktop\projects\multistation\platform\objects\debug\x64\shader.obj
c:\users\user\desktop\projects\multistation\platform\objects\debug\x64\fshader.obj
c:\users\user\desktop\projects\multistation\platform\objects\debug\x64\init.obj
c:\users\user\desktop\projects\multistation\platform\objects\debug\x64\format.obj
c:\users\user\desktop\projects\multistation\platform\objects\debug\x64\fbuffer.obj
c:\users\user\desktop\projects\multistation\platform\objects\debug\x64\error.obj
c:\users\user\desktop\projects\multistation\platform\objects\debug\x64\commands.obj
c:\users\user\desktop\projects\multistation\platform\library\debug\x64\platform.lib
c:\users\user\desktop\projects\multistation\platform\library/debug/x64\platform.pdb
c:\users\user\desktop\projects\multistation\platform\objects/debug/x64\platform.vcxproj.filelistabsolute.txt
c:\users\user\desktop\projects\multistation\platform\objects\debug\x64\platform.tlog\cl.command.1.tlog
c:\users\user\desktop\projects\multistation\platform\objects\debug\x64\platform.tlog\cl.items.tlog
c:\users\user\desktop\projects\multistation\platform\objects\debug\x64\platform.tlog\cl.read.1.tlog
c:\users\user\desktop\projects\multistation\platform\objects\debug\x64\platform.tlog\cl.write.1.tlog
c:\users\user\desktop\projects\multistation\platform\objects\debug\x64\platform.tlog\lib-link.read.1.tlog
c:\users\user\desktop\projects\multistation\platform\objects\debug\x64\platform.tlog\lib-link.write.1.tlog
c:\users\user\desktop\projects\multistation\platform\objects\debug\x64\platform.tlog\lib.command.1.tlog
